2013/03/12 02:13:58 method Done has wrong number of ins: 2
2013/03/12 02:13:58 method Kill has wrong number of ins: 1
2013/03/12 02:13:58 method Max has wrong number of ins: 1
2013/03/12 02:13:58 method Min has wrong number of ins: 1
2013/03/12 02:13:58 method Start reply type not a pointer: interface {}
2013/03/12 02:13:58 method Status has wrong number of ins: 2
2013/03/12 02:13:58 method Done has wrong number of ins: 2
2013/03/12 02:13:58 method Kill has wrong number of ins: 1
2013/03/12 02:13:58 method Max has wrong number of ins: 1
2013/03/12 02:13:58 method Min has wrong number of ins: 1
2013/03/12 02:13:58 method Start reply type not a pointer: interface {}
2013/03/12 02:13:58 method Status has wrong number of ins: 2
2013/03/12 02:13:58 method Done has wrong number of ins: 2
2013/03/12 02:13:58 method Kill has wrong number of ins: 1
2013/03/12 02:13:58 method Max has wrong number of ins: 1
2013/03/12 02:13:58 method Min has wrong number of ins: 1
2013/03/12 02:13:58 method Start reply type not a pointer: interface {}
2013/03/12 02:13:58 method Status has wrong number of ins: 2
2013/03/12 02:13:58 method Done has wrong number of ins: 2
2013/03/12 02:13:58 method Kill has wrong number of ins: 1
2013/03/12 02:13:58 method Max has wrong number of ins: 1
2013/03/12 02:13:58 method Min has wrong number of ins: 1
2013/03/12 02:13:58 method Start reply type not a pointer: interface {}
2013/03/12 02:13:58 method Status has wrong number of ins: 2
2013/03/12 02:13:58 method Done has wrong number of ins: 2
2013/03/12 02:13:58 method Kill has wrong number of ins: 1
2013/03/12 02:13:58 method Max has wrong number of ins: 1
2013/03/12 02:13:58 method Min has wrong number of ins: 1
2013/03/12 02:13:58 method Start reply type not a pointer: interface {}
2013/03/12 02:13:58 method Status has wrong number of ins: 2
2013/03/12 02:13:58 method Done has wrong number of ins: 2
2013/03/12 02:13:58 method Kill has wrong number of ins: 1
2013/03/12 02:13:58 method Max has wrong number of ins: 1
2013/03/12 02:13:58 method Min has wrong number of ins: 1
2013/03/12 02:13:58 method Start reply type not a pointer: interface {}
2013/03/12 02:13:58 method Status has wrong number of ins: 2
2013/03/12 02:13:58 method Done has wrong number of ins: 2
2013/03/12 02:13:58 method Kill has wrong number of ins: 1
2013/03/12 02:13:58 method Max has wrong number of ins: 1
2013/03/12 02:13:58 method Min has wrong number of ins: 1
2013/03/12 02:13:58 method Start reply type not a pointer: interface {}
2013/03/12 02:13:58 method Status has wrong number of ins: 2
2013/03/12 02:13:58 method Done has wrong number of ins: 2
2013/03/12 02:13:58 method Kill has wrong number of ins: 1
2013/03/12 02:13:58 method Max has wrong number of ins: 1
2013/03/12 02:13:58 method Min has wrong number of ins: 1
2013/03/12 02:13:58 method Start reply type not a pointer: interface {}
2013/03/12 02:13:58 method Status has wrong number of ins: 2
2013/03/12 02:13:58 method Done has wrong number of ins: 2
2013/03/12 02:13:58 method Kill has wrong number of ins: 1
2013/03/12 02:13:58 method Max has wrong number of ins: 1
2013/03/12 02:13:58 method Min has wrong number of ins: 1
2013/03/12 02:13:58 method Start reply type not a pointer: interface {}
2013/03/12 02:13:58 method Status has wrong number of ins: 2
2013/03/12 02:13:58 method Done has wrong number of ins: 2
2013/03/12 02:13:58 method Kill has wrong number of ins: 1
2013/03/12 02:13:58 method Max has wrong number of ins: 1
2013/03/12 02:13:58 method Min has wrong number of ins: 1
2013/03/12 02:13:58 method Start reply type not a pointer: interface {}
2013/03/12 02:13:58 method Status has wrong number of ins: 2
2013/03/12 02:13:58 method Done has wrong number of ins: 2
2013/03/12 02:13:58 method Kill has wrong number of ins: 1
2013/03/12 02:13:58 method Max has wrong number of ins: 1
2013/03/12 02:13:58 method Min has wrong number of ins: 1
2013/03/12 02:13:58 method Start reply type not a pointer: interface {}
2013/03/12 02:13:58 method Status has wrong number of ins: 2
2013/03/12 02:13:58 method Done has wrong number of ins: 2
2013/03/12 02:13:58 method Kill has wrong number of ins: 1
2013/03/12 02:13:58 method Max has wrong number of ins: 1
2013/03/12 02:13:58 method Min has wrong number of ins: 1
2013/03/12 02:13:58 method Start reply type not a pointer: interface {}
2013/03/12 02:13:58 method Status has wrong number of ins: 2
2013/03/12 02:13:58 method Done has wrong number of ins: 2
2013/03/12 02:13:58 method Kill has wrong number of ins: 1
2013/03/12 02:13:58 method Max has wrong number of ins: 1
2013/03/12 02:13:58 method Min has wrong number of ins: 1
2013/03/12 02:13:58 method Start reply type not a pointer: interface {}
2013/03/12 02:13:58 method Status has wrong number of ins: 2
2013/03/12 02:13:58 method Done has wrong number of ins: 2
2013/03/12 02:13:58 method Kill has wrong number of ins: 1
2013/03/12 02:13:58 method Max has wrong number of ins: 1
2013/03/12 02:13:58 method Min has wrong number of ins: 1
2013/03/12 02:13:58 method Start reply type not a pointer: interface {}
2013/03/12 02:13:58 method Status has wrong number of ins: 2
2013/03/12 02:13:58 rpc: client protocol error: unexpected EOF
2013/03/12 02:13:58 rpc: writing response: write unix @: broken pipe
2013/03/12 02:13:58 rpc: client protocol error: read unix /var/tmp/824-1000/kv-5808-un-2: connection reset by peer
2013/03/12 02:13:58 method Done has wrong number of ins: 2
2013/03/12 02:13:58 method Kill has wrong number of ins: 1
2013/03/12 02:13:58 method Max has wrong number of ins: 1
2013/03/12 02:13:58 method Min has wrong number of ins: 1
2013/03/12 02:13:58 method Start reply type not a pointer: interface {}
2013/03/12 02:13:58 method Status has wrong number of ins: 2
2013/03/12 02:13:58 method Done has wrong number of ins: 2
2013/03/12 02:13:58 method Kill has wrong number of ins: 1
2013/03/12 02:13:58 method Max has wrong number of ins: 1
2013/03/12 02:13:58 method Min has wrong number of ins: 1
2013/03/12 02:13:58 method Start reply type not a pointer: interface {}
2013/03/12 02:13:58 method Status has wrong number of ins: 2
2013/03/12 02:13:58 method Done has wrong number of ins: 2
2013/03/12 02:13:58 method Kill has wrong number of ins: 1
2013/03/12 02:13:58 method Max has wrong number of ins: 1
2013/03/12 02:13:58 method Min has wrong number of ins: 1
2013/03/12 02:13:58 method Start reply type not a pointer: interface {}
2013/03/12 02:13:58 method Status has wrong number of ins: 2
2013/03/12 02:13:58 method Done has wrong number of ins: 2
2013/03/12 02:13:58 method Kill has wrong number of ins: 1
2013/03/12 02:13:58 method Max has wrong number of ins: 1
2013/03/12 02:13:58 method Min has wrong number of ins: 1
2013/03/12 02:13:58 method Start reply type not a pointer: interface {}
2013/03/12 02:13:58 method Status has wrong number of ins: 2
2013/03/12 02:13:58 method Done has wrong number of ins: 2
2013/03/12 02:13:58 method Kill has wrong number of ins: 1
2013/03/12 02:13:58 method Max has wrong number of ins: 1
2013/03/12 02:13:58 method Min has wrong number of ins: 1
2013/03/12 02:13:58 method Start reply type not a pointer: interface {}
2013/03/12 02:13:58 method Status has wrong number of ins: 2
